<?xml version="1.0" encoding="UTF-8"?>
<!-- Generated by org.testng.reporters.JUnitReportReporter -->
<testsuite hostname="Swatis-Mac.attlocal.net" failures="0" tests="3" name="SeleniumframeworkDesign.tests.ErrorValidationTest" time="69.282" errors="0" timestamp="2023-04-10T01:04:27 EDT" skipped="1">
  <testcase classname="SeleniumframeworkDesign.tests.ErrorValidationTest" name="LoginErrorValidation" time="37.199">
    <skipped/>
  </testcase> <!-- LoginErrorValidation -->
  <system-out/>
  <testcase classname="SeleniumframeworkDesign.tests.ErrorValidationTest" name="LoginErrorValidation" time="14.986"/>
  <system-out/>
  <testcase classname="SeleniumframeworkDesign.tests.ErrorValidationTest" name="ProductErrorValidation" time="17.097"/>
  <system-out/>
</testsuite> <!-- SeleniumframeworkDesign.tests.ErrorValidationTest -->
